<?xml version="1.0" encoding="UTF-8"?>
<testsuite xmlns:xsi="http://www.w3.org/2001/XMLSchema-instance" xsi:noNamespaceSchemaLocation="https://maven.apache.org/surefire/maven-surefire-plugin/xsd/surefire-test-report.xsd" version="3.0.2" name="com.example.assignment_app.AssignmentAppApplicationTests" time="6.026" tests="1" errors="0" skipped="0" failures="0">
  <properties>
[...]
</properties>
  <testcase name="contextLoads" classname="com.example.assignment_app.AssignmentAppApplicationTests" time="1.201">
    <system-out><![CDATA[16:58:12.575 [main] INFO org.springframework.test.context.support.AnnotationConfigContextLoaderUtils -- Could not detect default configuration classes for test class [com.example.assignment_app.AssignmentAppApplicationTests]: AssignmentAppApplicationTests does not declare any static, non-private, non-final, nested classes annotated with @Configuration.
16:58:12.805 [main] INFO org.springframework.boot.test.context.SpringBootTestContextBootstrapper -- Found @SpringBootConfiguration com.example.assignment_app.AssignmentApplication for test class com.example.assignment_app.AssignmentAppApplicationTests

  .   ____          _            __ _ _
 /\\ / ___'_ __ _ _(_)_ __  __ _ \ \ \ \
( ( )\___ | '_ | '_| | '_ \/ _` | \ \ \ \
 \\/  ___)| |_)| | | | | || (_| |  ) ) ) )
  '  |____| .__|_| |_|_| |_\__, | / / / /
 =========|_|==============|___/=/_/_/_/

 :: Spring Boot ::                (v3.5.6)

2025-10-06T16:58:13.669+05:30  INFO 19164 --- [assignment-app] [           main] c.e.a.AssignmentAppApplicationTests      : Starting AssignmentAppApplicationTests using Java 21.0.8 with PID 19164 (started by raman in C:\Users\raman\OneDrive\Desktop\assign\assignment-app)
2025-10-06T16:58:13.672+05:30  INFO 19164 --- [assignment-app] [           main] c.e.a.AssignmentAppApplicationTests      : No active profile set, falling back to 1 default profile: "default"
2025-10-06T16:58:16.326+05:30  INFO 19164 --- [assignment-app] [           main] c.e.a.AssignmentAppApplicationTests      : Started AssignmentAppApplicationTests in 3.21 seconds (process running for 5.093)
🚀 Starting assignment flow...
2025-10-06T16:58:16.336+05:30  INFO 19164 --- [assignment-app] [           main] c.e.a.Service.AssignmentService          : {regNo=112215146, name=Ramanand Kumawat, email=112215146@cse.iiitp.ac.in}
✅ Webhook: https://bfhldevapigw.healthrx.co.in/hiring/testWebhook/JAVA
✅ AccessToken: eyJhbGciOiJIUzI1NiJ9.eyJyZWdObyI6IjExMjIxNTE0NiIsIm5hbWUiOiJSYW1hbmFuZCBLdW1hd2F0IiwiZW1haWwiOiIxMTIyMTUxNDZAY3NlLmlpaXRwLmFjLmluIiwic3ViIjoid2ViaG9vay11c2VyIiwiaWF0IjoxNzU5NzUwMDk2LCJleHAiOjE3NTk3NTA5OTZ9.N6sKS5U3OFEwxD0RcMSFE3ADj4BranaJ6EbektGYtEE
📤 Submit Status: 200
📩 Response: {"success":true,"message":"Webhook processed successfully"}
]]></system-out>
    <system-err><![CDATA[Mockito is currently self-attaching to enable the inline-mock-maker. This will no longer work in future releases of the JDK. Please add Mockito as an agent to your build as described in Mockito's documentation: https://javadoc.io/doc/org.mockito/mockito-core/latest/org.mockito/org/mockito/Mockito.html#0.3
WARNING: A Java agent has been loaded dynamically (C:\Users\raman\.m2\repository\net\bytebuddy\byte-buddy-agent\1.17.7\byte-buddy-agent-1.17.7.jar)
WARNING: If a serviceability tool is in use, please run with -XX:+EnableDynamicAgentLoading to hide this warning
WARNING: If a serviceability tool is not in use, please run with -Djdk.instrument.traceUsage for more information
WARNING: Dynamic loading of agents will be disallowed by default in a future release
]]></system-err>
  </testcase>
</testsuite>